<?xml version="1.0" encoding="UTF-8"?>
<testsuite xmlns:xsi="http://www.w3.org/2001/XMLSchema-instance" xsi:noNamespaceSchemaLocation="https://maven.apache.org/surefire/maven-surefire-plugin/xsd/surefire-test-report-3.0.xsd" version="3.0" name="offlinewallet.keystorefile.GenerateKeystorefileTest" time="1.829" tests="6" errors="0" skipped="0" failures="0">
  <properties>
[...]
</properties>
  <testcase name="shouldSignTransactionSuccessfully" classname="offlinewallet.keystorefile.GenerateKeystorefileTest" time="1.713">
    <system-err><![CDATA[WARNING: A Java agent has been loaded dynamically (C:\Users\Luxis\.m2\repository\net\bytebuddy\byte-buddy-agent\1.14.15\byte-buddy-agent-1.14.15.jar)
WARNING: If a serviceability tool is in use, please run with -XX:+EnableDynamicAgentLoading to hide this warning
WARNING: If a serviceability tool is not in use, please run with -Djdk.instrument.traceUsage for more information
WARNING: Dynamic loading of agents will be disallowed by default in a future release
]]></system-err>
  </testcase>
  <testcase name="shouldReturnCorrectHexAddress" classname="offlinewallet.keystorefile.GenerateKeystorefileTest" time="0.007"/>
  <testcase name="shouldReturnCorrectPublicKey" classname="offlinewallet.keystorefile.GenerateKeystorefileTest" time="0.005"/>
  <testcase name="shouldGenerateNewWalletSuccessfully" classname="offlinewallet.keystorefile.GenerateKeystorefileTest" time="0.008">
    <system-out><![CDATA[Neue Wallet generiert: 0x30349e2fb6abe6e12c86cb79e76be41aa59054e3

]]></system-out>
  </testcase>
  <testcase name="shouldDelegateKeystoreGenerationToInjectedInterface" classname="offlinewallet.keystorefile.GenerateKeystorefileTest" time="0.048"/>
  <testcase name="shouldGenerateTwoDifferentWallets" classname="offlinewallet.keystorefile.GenerateKeystorefileTest" time="0.006">
    <system-out><![CDATA[Neue Wallet generiert: 0xbae2f9f609d85b0cba06d5b2260c2f7270d25331
Neue Wallet generiert: 0xcde56f54e0009920c7ea696cebb451f13bcfef9a
]]></system-out>
  </testcase>
</testsuite>