<?xml version="1.0" encoding="UTF-8"?>
<testsuite xmlns:xsi="http://www.w3.org/2001/XMLSchema-instance" xsi:noNamespaceSchemaLocation="https://maven.apache.org/surefire/maven-surefire-plugin/xsd/surefire-test-report-3.0.xsd" version="3.0" name="offlinewallet.keystorefile.GenerateKeystorefileTest" time="2.303" tests="6" errors="0" skipped="0" failures="0">
  <properties>
[...]
</properties>
  <testcase name="shouldSignTransactionSuccessfully" classname="offlinewallet.keystorefile.GenerateKeystorefileTest" time="0.152"/>
  <testcase name="shouldReturnCorrectHexAddress" classname="offlinewallet.keystorefile.GenerateKeystorefileTest" time="0.02"/>
  <testcase name="shouldReturnCorrectPublicKey" classname="offlinewallet.keystorefile.GenerateKeystorefileTest" time="0.044"/>
  <testcase name="shouldGenerateNewWalletSuccessfully" classname="offlinewallet.keystorefile.GenerateKeystorefileTest" time="1.987">
    <system-out><![CDATA[Neue Wallet generiert: 0x24f11c4a3c1a1bac0256aaf2b9702eb91ea9cdda
]]></system-out>
  </testcase>
  <testcase name="shouldDelegateKeystoreGenerationToInjectedInterface" classname="offlinewallet.keystorefile.GenerateKeystorefileTest" time="0.013"/>
  <testcase name="shouldGenerateTwoDifferentWallets" classname="offlinewallet.keystorefile.GenerateKeystorefileTest" time="0.012">
    <system-out><![CDATA[Neue Wallet generiert: 0x6e85dea6a9272c5c036ffc627934aca9f93b531f
Neue Wallet generiert: 0x7f662d915d171d7369c9266c9c66a08150495809
]]></system-out>
  </testcase>
</testsuite>